# JRE version: OpenJDK Runtime Environment (11.0.7+10) (build 11.0.7+10-b765.53)
# Java VM: OpenJDK 64-Bit Server VM (11.0.7+10-b765.53, mixed mode, sharing, tiered, compressed oops, concurrent mark sweep gc, windows-amd64)
Heap:
 par new generation   total 39296K, used 25954K [0x00000000c1600000, 0x00000000c40a0000, 0x00000000d6350000)
  eden space 34944K,  71% used [0x00000000c1600000, 0x00000000c2e5d948, 0x00000000c3820000)
  from space 4352K,  23% used [0x00000000c3820000, 0x00000000c391af10, 0x00000000c3c60000)
  to   space 4352K,   0% used [0x00000000c3c60000, 0x00000000c3c60000, 0x00000000c40a0000)
 concurrent mark-sweep generation total 428184K, used 309823K [0x00000000d6350000, 0x00000000f0576000, 0x0000000100000000)
 Metaspace       used 234875K, capacity 244080K, committed 244332K, reserved 1261568K
  class space    used 28471K, capacity 31937K, committed 31972K, reserved 1048576K
GC Heap History (20 events):
Event: 6296.817 GC heap before
{Heap before GC invocations=570 (full 22):
 par new generation   total 39296K, used 34956K [0x00000000c1600000, 0x00000000c40a0000, 0x00000000d6350000)
  eden space 34944K, 100% used [0x00000000c1600000, 0x00000000c3820000, 0x00000000c3820000)
  from space 4352K,   0% used [0x00000000c3820000, 0x00000000c38231d8, 0x00000000c3c60000)
  to   space 4352K,   0% used [0x00000000c3c60000, 0x00000000c3c60000, 0x00000000c40a0000)
 concurrent mark-sweep generation total 428184K, used 309821K [0x00000000d6350000, 0x00000000f0576000, 0x0000000100000000)
 Metaspace       used 234721K, capacity 243951K, committed 244076K, reserved 1261568K
  class space    used 28460K, capacity 31922K, committed 31972K, reserved 1048576K
}
Event: 6296.820 GC heap after
{Heap after GC invocations=571 (full 22):
 par new generation   total 39296K, used 12K [0x00000000c1600000, 0x00000000c40a0000, 0x00000000d6350000)
  eden space 34944K,   0% used [0x00000000c1600000, 0x00000000c1600000, 0x00000000c3820000)
  from space 4352K,   0% used [0x00000000c3c60000, 0x00000000c3c63350, 0x00000000c40a0000)
  to   space 4352K,   0% used [0x00000000c3820000, 0x00000000c3820000, 0x00000000c3c60000)
 concurrent mark-sweep generation total 428184K, used 309822K [0x00000000d6350000, 0x00000000f0576000, 0x0000000100000000)
 Metaspace       used 234721K, capacity 243951K, committed 244076K, reserved 1261568K
  class space    used 28460K, capacity 31922K, committed 31972K, reserved 1048576K
}
Event: 6364.411 GC heap before
{Heap before GC invocations=571 (full 22):
 par new generation   total 39296K, used 34956K [0x00000000c1600000, 0x00000000c40a0000, 0x00000000d6350000)
  eden space 34944K, 100% used [0x00000000c1600000, 0x00000000c3820000, 0x00000000c3820000)
  from space 4352K,   0% used [0x00000000c3c60000, 0x00000000c3c63350, 0x00000000c40a0000)
  to   space 4352K,   0% used [0x00000000c3820000, 0x00000000c3820000, 0x00000000c3c60000)
 concurrent mark-sweep generation total 428184K, used 309822K [0x00000000d6350000, 0x00000000f0576000, 0x0000000100000000)
 Metaspace       used 234721K, capacity 243951K, committed 244076K, reserved 1261568K
  class space    used 28460K, capacity 31922K, committed 31972K, reserved 1048576K
}
Event: 6364.414 GC heap after
{Heap after GC invocations=572 (full 22):
 par new generation   total 39296K, used 12K [0x00000000c1600000, 0x00000000c40a0000, 0x00000000d6350000)
  eden space 34944K,   0% used [0x00000000c1600000, 0x00000000c1600000, 0x00000000c3820000)
  from space 4352K,   0% used [0x00000000c3820000, 0x00000000c38231d8, 0x00000000c3c60000)
  to   space 4352K,   0% used [0x00000000c3c60000, 0x00000000c3c60000, 0x00000000c40a0000)
 concurrent mark-sweep generation total 428184K, used 309822K [0x00000000d6350000, 0x00000000f0576000, 0x0000000100000000)
 Metaspace       used 234721K, capacity 243951K, committed 244076K, reserved 1261568K
  class space    used 28460K, capacity 31922K, committed 31972K, reserved 1048576K
}
Event: 6432.210 GC heap before
{Heap before GC invocations=572 (full 22):
 par new generation   total 39296K, used 34956K [0x00000000c1600000, 0x00000000c40a0000, 0x00000000d6350000)
  eden space 34944K, 100% used [0x00000000c1600000, 0x00000000c3820000, 0x00000000c3820000)
  from space 4352K,   0% used [0x00000000c3820000, 0x00000000c38231d8, 0x00000000c3c60000)
  to   space 4352K,   0% used [0x00000000c3c60000, 0x00000000c3c60000, 0x00000000c40a0000)
 concurrent mark-sweep generation total 428184K, used 309822K [0x00000000d6350000, 0x00000000f0576000, 0x0000000100000000)
 Metaspace       used 234721K, capacity 243951K, committed 244076K, reserved 1261568K
  class space    used 28460K, capacity 31922K, committed 31972K, reserved 1048576K
}
Event: 6432.214 GC heap after
{Heap after GC invocations=573 (full 22):
 par new generation   total 39296K, used 12K [0x00000000c1600000, 0x00000000c40a0000, 0x00000000d6350000)
  eden space 34944K,   0% used [0x00000000c1600000, 0x00000000c1600000, 0x00000000c3820000)
  from space 4352K,   0% used [0x00000000c3c60000, 0x00000000c3c63060, 0x00000000c40a0000)
  to   space 4352K,   0% used [0x00000000c3820000, 0x00000000c3820000, 0x00000000c3c60000)
 concurrent mark-sweep generation total 428184K, used 309822K [0x00000000d6350000, 0x00000000f0576000, 0x0000000100000000)
 Metaspace       used 234721K, capacity 243951K, committed 244076K, reserved 1261568K
  class space    used 28460K, capacity 31922K, committed 31972K, reserved 1048576K
}
Event: 6500.522 GC heap before
{Heap before GC invocations=573 (full 22):
 par new generation   total 39296K, used 34956K [0x00000000c1600000, 0x00000000c40a0000, 0x00000000d6350000)
  eden space 34944K, 100% used [0x00000000c1600000, 0x00000000c3820000, 0x00000000c3820000)
  from space 4352K,   0% used [0x00000000c3c60000, 0x00000000c3c63060, 0x00000000c40a0000)
  to   space 4352K,   0% used [0x00000000c3820000, 0x00000000c3820000, 0x00000000c3c60000)
 concurrent mark-sweep generation total 428184K, used 309822K [0x00000000d6350000, 0x00000000f0576000, 0x0000000100000000)
 Metaspace       used 234721K, capacity 243951K, committed 244076K, reserved 1261568K
  class space    used 28460K, capacity 31922K, committed 31972K, reserved 1048576K
}
Event: 6500.525 GC heap after
{Heap after GC invocations=574 (full 22):
 par new generation   total 39296K, used 12K [0x00000000c1600000, 0x00000000c40a0000, 0x00000000d6350000)
  eden space 34944K,   0% used [0x00000000c1600000, 0x00000000c1600000, 0x00000000c3820000)
  from space 4352K,   0% used [0x00000000c3820000, 0x00000000c3823060, 0x00000000c3c60000)
  to   space 4352K,   0% used [0x00000000c3c60000, 0x00000000c3c60000, 0x00000000c40a0000)
 concurrent mark-sweep generation total 428184K, used 309822K [0x00000000d6350000, 0x00000000f0576000, 0x0000000100000000)
 Metaspace       used 234721K, capacity 243951K, committed 244076K, reserved 1261568K
  class space    used 28460K, capacity 31922K, committed 31972K, reserved 1048576K
}
Event: 6563.783 GC heap before
{Heap before GC invocations=574 (full 22):
 par new generation   total 39296K, used 34956K [0x00000000c1600000, 0x00000000c40a0000, 0x00000000d6350000)
  eden space 34944K, 100% used [0x00000000c1600000, 0x00000000c3820000, 0x00000000c3820000)
  from space 4352K,   0% used [0x00000000c3820000, 0x00000000c3823060, 0x00000000c3c60000)
  to   space 4352K,   0% used [0x00000000c3c60000, 0x00000000c3c60000, 0x00000000c40a0000)
 concurrent mark-sweep generation total 428184K, used 309822K [0x00000000d6350000, 0x00000000f0576000, 0x0000000100000000)
 Metaspace       used 234729K, capacity 243951K, committed 244076K, reserved 1261568K
  class space    used 28462K, capacity 31922K, committed 31972K, reserved 1048576K
}
Event: 6563.784 GC heap after
{Heap after GC invocations=575 (full 22):
 par new generation   total 39296K, used 103K [0x00000000c1600000, 0x00000000c40a0000, 0x00000000d6350000)
  eden space 34944K,   0% used [0x00000000c1600000, 0x00000000c1600000, 0x00000000c3820000)
  from space 4352K,   2% used [0x00000000c3c60000, 0x00000000c3c79ec8, 0x00000000c40a0000)
  to   space 4352K,   0% used [0x00000000c3820000, 0x00000000c3820000, 0x00000000c3c60000)
 concurrent mark-sweep generation total 428184K, used 309822K [0x00000000d6350000, 0x00000000f0576000, 0x0000000100000000)
 Metaspace       used 234729K, capacity 243951K, committed 244076K, reserved 1261568K
  class space    used 28462K, capacity 31922K, committed 31972K, reserved 1048576K
}
Event: 6878.134 GC heap before
{Heap before GC invocations=575 (full 22):
 par new generation   total 39296K, used 35047K [0x00000000c1600000, 0x00000000c40a0000, 0x00000000d6350000)
  eden space 34944K, 100% used [0x00000000c1600000, 0x00000000c3820000, 0x00000000c3820000)
  from space 4352K,   2% used [0x00000000c3c60000, 0x00000000c3c79ec8, 0x00000000c40a0000)
  to   space 4352K,   0% used [0x00000000c3820000, 0x00000000c3820000, 0x00000000c3c60000)
 concurrent mark-sweep generation total 428184K, used 309822K [0x00000000d6350000, 0x00000000f0576000, 0x0000000100000000)
 Metaspace       used 234777K, capacity 243970K, committed 244076K, reserved 1261568K
  class space    used 28465K, capacity 31926K, committed 31972K, reserved 1048576K
}
Event: 6878.136 GC heap after
{Heap after GC invocations=576 (full 22):
 par new generation   total 39296K, used 824K [0x00000000c1600000, 0x00000000c40a0000, 0x00000000d6350000)
  eden space 34944K,   0% used [0x00000000c1600000, 0x00000000c1600000, 0x00000000c3820000)
  from space 4352K,  18% used [0x00000000c3820000, 0x00000000c38ee0b0, 0x00000000c3c60000)
  to   space 4352K,   0% used [0x00000000c3c60000, 0x00000000c3c60000, 0x00000000c40a0000)
 concurrent mark-sweep generation total 428184K, used 309823K [0x00000000d6350000, 0x00000000f0576000, 0x0000000100000000)
 Metaspace       used 234777K, capacity 243970K, committed 244076K, reserved 1261568K
  class space    used 28465K, capacity 31926K, committed 31972K, reserved 1048576K
}
Event: 7601.708 GC heap before
{Heap before GC invocations=576 (full 22):
 par new generation   total 39296K, used 35768K [0x00000000c1600000, 0x00000000c40a0000, 0x00000000d6350000)
  eden space 34944K, 100% used [0x00000000c1600000, 0x00000000c3820000, 0x00000000c3820000)
  from space 4352K,  18% used [0x00000000c3820000, 0x00000000c38ee0b0, 0x00000000c3c60000)
  to   space 4352K,   0% used [0x00000000c3c60000, 0x00000000c3c60000, 0x00000000c40a0000)
 concurrent mark-sweep generation total 428184K, used 309823K [0x00000000d6350000, 0x00000000f0576000, 0x0000000100000000)
 Metaspace       used 234778K, capacity 243970K, committed 244076K, reserved 1261568K
  class space    used 28465K, capacity 31926K, committed 31972K, reserved 1048576K
}
Event: 7601.712 GC heap after
{Heap after GC invocations=577 (full 22):
 par new generation   total 39296K, used 700K [0x00000000c1600000, 0x00000000c40a0000, 0x00000000d6350000)
  eden space 34944K,   0% used [0x00000000c1600000, 0x00000000c1600000, 0x00000000c3820000)
  from space 4352K,  16% used [0x00000000c3c60000, 0x00000000c3d0f140, 0x00000000c40a0000)
  to   space 4352K,   0% used [0x00000000c3820000, 0x00000000c3820000, 0x00000000c3c60000)
 concurrent mark-sweep generation total 428184K, used 309823K [0x00000000d6350000, 0x00000000f0576000, 0x0000000100000000)
 Metaspace       used 234778K, capacity 243970K, committed 244076K, reserved 1261568K
  class space    used 28465K, capacity 31926K, committed 31972K, reserved 1048576K
}
Event: 8339.265 GC heap before
{Heap before GC invocations=577 (full 22):
 par new generation   total 39296K, used 35644K [0x00000000c1600000, 0x00000000c40a0000, 0x00000000d6350000)
  eden space 34944K, 100% used [0x00000000c1600000, 0x00000000c3820000, 0x00000000c3820000)
  from space 4352K,  16% used [0x00000000c3c60000, 0x00000000c3d0f140, 0x00000000c40a0000)
  to   space 4352K,   0% used [0x00000000c3820000, 0x00000000c3820000, 0x00000000c3c60000)
 concurrent mark-sweep generation total 428184K, used 309823K [0x00000000d6350000, 0x00000000f0576000, 0x0000000100000000)
 Metaspace       used 234778K, capacity 243970K, committed 244076K, reserved 1261568K
  class space    used 28465K, capacity 31926K, committed 31972K, reserved 1048576K
}
Event: 8339.267 GC heap after
{Heap after GC invocations=578 (full 22):
 par new generation   total 39296K, used 701K [0x00000000c1600000, 0x00000000c40a0000, 0x00000000d6350000)
  eden space 34944K,   0% used [0x00000000c1600000, 0x00000000c1600000, 0x00000000c3820000)
  from space 4352K,  16% used [0x00000000c3820000, 0x00000000c38cf5d0, 0x00000000c3c60000)
  to   space 4352K,   0% used [0x00000000c3c60000, 0x00000000c3c60000, 0x00000000c40a0000)
 concurrent mark-sweep generation total 428184K, used 309823K [0x00000000d6350000, 0x00000000f0576000, 0x0000000100000000)
 Metaspace       used 234778K, capacity 243970K, committed 244076K, reserved 1261568K
  class space    used 28465K, capacity 31926K, committed 31972K, reserved 1048576K
}
Event: 9102.458 GC heap before
{Heap before GC invocations=578 (full 22):
 par new generation   total 39296K, used 35645K [0x00000000c1600000, 0x00000000c40a0000, 0x00000000d6350000)
  eden space 34944K, 100% used [0x00000000c1600000, 0x00000000c3820000, 0x00000000c3820000)
  from space 4352K,  16% used [0x00000000c3820000, 0x00000000c38cf5d0, 0x00000000c3c60000)
  to   space 4352K,   0% used [0x00000000c3c60000, 0x00000000c3c60000, 0x00000000c40a0000)
 concurrent mark-sweep generation total 428184K, used 309823K [0x00000000d6350000, 0x00000000f0576000, 0x0000000100000000)
 Metaspace       used 234790K, capacity 243974K, committed 244076K, reserved 1261568K
  class space    used 28465K, capacity 31926K, committed 31972K, reserved 1048576K
}
Event: 9102.459 GC heap after
{Heap after GC invocations=579 (full 22):
 par new generation   total 39296K, used 692K [0x00000000c1600000, 0x00000000c40a0000, 0x00000000d6350000)
  eden space 34944K,   0% used [0x00000000c1600000, 0x00000000c1600000, 0x00000000c3820000)
  from space 4352K,  15% used [0x00000000c3c60000, 0x00000000c3d0d090, 0x00000000c40a0000)
  to   space 4352K,   0% used [0x00000000c3820000, 0x00000000c3820000, 0x00000000c3c60000)
 concurrent mark-sweep generation total 428184K, used 309823K [0x00000000d6350000, 0x00000000f0576000, 0x0000000100000000)
 Metaspace       used 234790K, capacity 243974K, committed 244076K, reserved 1261568K
  class space    used 28465K, capacity 31926K, committed 31972K, reserved 1048576K
}
Event: 9872.249 GC heap before
{Heap before GC invocations=579 (full 22):
 par new generation   total 39296K, used 35636K [0x00000000c1600000, 0x00000000c40a0000, 0x00000000d6350000)
  eden space 34944K, 100% used [0x00000000c1600000, 0x00000000c3820000, 0x00000000c3820000)
  from space 4352K,  15% used [0x00000000c3c60000, 0x00000000c3d0d090, 0x00000000c40a0000)
  to   space 4352K,   0% used [0x00000000c3820000, 0x00000000c3820000, 0x00000000c3c60000)
 concurrent mark-sweep generation total 428184K, used 309823K [0x00000000d6350000, 0x00000000f0576000, 0x0000000100000000)
 Metaspace       used 234803K, capacity 243974K, committed 244076K, reserved 1261568K
  class space    used 28465K, capacity 31926K, committed 31972K, reserved 1048576K
}
Event: 9872.250 GC heap after
{Heap after GC invocations=580 (full 22):
 par new generation   total 39296K, used 1003K [0x00000000c1600000, 0x00000000c40a0000, 0x00000000d6350000)
  eden space 34944K,   0% used [0x00000000c1600000, 0x00000000c1600000, 0x00000000c3820000)
  from space 4352K,  23% used [0x00000000c3820000, 0x00000000c391af10, 0x00000000c3c60000)
  to   space 4352K,   0% used [0x00000000c3c60000, 0x00000000c3c60000, 0x00000000c40a0000)
 concurrent mark-sweep generation total 428184K, used 309823K [0x00000000d6350000, 0x00000000f0576000, 0x0000000100000000)
 Metaspace       used 234803K, capacity 243974K, committed 244076K, reserved 1261568K
  class space    used 28465K, capacity 31926K, committed 31972K, reserved 1048576K
}

